<?xml version="1.0" encoding="UTF-8"?>
<!-- Generated by org.testng.reporters.JUnitXMLReporter -->
<testsuite ignored="0" hostname="US-G732W93Y7Y" failures="0" tests="6" name="Default test" time="15.883" errors="0" timestamp="2024-02-13T13:38:26 IST">
  <testcase classname="api_Tests.DDTests" name="testPostuser" time="4.433"/>
  <testcase classname="api_Tests.DDTests" name="testPostuser" time="1.99"/>
  <testcase classname="api_Tests.DDTests" name="testPostuser" time="1.749"/>
  <testcase classname="api_Tests.DDTests" name="testDeleteUserByName" time="2.034"/>
  <testcase classname="api_Tests.DDTests" name="testDeleteUserByName" time="1.695"/>
  <testcase classname="api_Tests.DDTests" name="testDeleteUserByName" time="1.808"/>
</testsuite> <!-- Default test -->
